[debug] [2025-03-13T04:22:25.922Z] ----------------------------------------------------------------------
[debug] [2025-03-13T04:22:25.925Z] Command:       C:\Program Files\nodejs\node.exe C:\Users\sutds\AppData\Roaming\npm\node_modules\firebase-tools\lib\bin\firebase.js init
[debug] [2025-03-13T04:22:25.925Z] CLI Version:   13.34.0
[debug] [2025-03-13T04:22:25.926Z] Platform:      win32
[debug] [2025-03-13T04:22:25.926Z] Node Version:  v20.12.2
[debug] [2025-03-13T04:22:25.926Z] Time:          Wed Mar 12 2025 22:22:25 GMT-0600 (hora estándar central)
[debug] [2025-03-13T04:22:25.926Z] ----------------------------------------------------------------------
[debug] 
[debug] [2025-03-13T04:22:25.933Z] > command requires scopes: ["email","openid","https://www.googleapis.com/auth/cloudplatformprojects.readonly","https://www.googleapis.com/auth/firebase","https://www.googleapis.com/auth/cloud-platform"]
[debug] [2025-03-13T04:22:25.934Z] > authorizing via signed-in user (sut.dst@gmail.com)
[info] 
     ######## #### ########  ######## ########     ###     ######  ########
     ##        ##  ##     ## ##       ##     ##  ##   ##  ##       ##
     ######    ##  ########  ######   ########  #########  ######  ######
     ##        ##  ##    ##  ##       ##     ## ##     ##       ## ##
     ##       #### ##     ## ######## ########  ##     ##  ######  ########

You're about to initialize a Firebase project in this directory:

  C:\Users\sutds\BalnearioSantaAna

[info] 
=== Project Setup
[info] 
[info] First, let's associate this project directory with a Firebase project.
[info] You can create multiple project aliases by running firebase use --add, 
[info] but for now we'll just set up a default project.
[info] 
[debug] [2025-03-13T04:25:06.107Z] Checked if tokens are valid: true, expires at: 1741843104708
[debug] [2025-03-13T04:25:06.107Z] Checked if tokens are valid: true, expires at: 1741843104708
[debug] [2025-03-13T04:25:06.109Z] >>> [apiv2][query] GET https://firebase.googleapis.com/v1beta1/projects pageSize=100
[debug] [2025-03-13T04:25:06.511Z] <<< [apiv2][status] GET https://firebase.googleapis.com/v1beta1/projects 200
[debug] [2025-03-13T04:25:06.511Z] <<< [apiv2][body] GET https://firebase.googleapis.com/v1beta1/projects [omitted]
[info] i  Using project santaana-18129 (SantaAna) 
[info] 
=== Hosting Setup
[debug] [2025-03-13T04:25:15.627Z] Checked if tokens are valid: true, expires at: 1741843104708
[debug] [2025-03-13T04:25:15.627Z] Checked if tokens are valid: true, expires at: 1741843104708
[debug] [2025-03-13T04:25:15.628Z] >>> [apiv2][query] GET https://firebase.googleapis.com/v1beta1/projects/santaana-18129 [none]
[debug] [2025-03-13T04:25:15.833Z] <<< [apiv2][status] GET https://firebase.googleapis.com/v1beta1/projects/santaana-18129 200
[debug] [2025-03-13T04:25:15.833Z] <<< [apiv2][body] GET https://firebase.googleapis.com/v1beta1/projects/santaana-18129 {"projectId":"santaana-18129","projectNumber":"923998032603","displayName":"SantaAna","name":"projects/santaana-18129","resources":{"hostingSite":"santaana-18129"},"state":"ACTIVE","etag":"1_e512253a-810a-4b03-b934-8fcd1e95f3ae"}
[info] 
[info] Your public directory is the folder (relative to your project directory) that
[info] will contain Hosting assets to be uploaded with firebase deploy. If you
[info] have a build process for your assets, use your build's output directory.
[info] 
[info] +  Wrote public/404.html 
[debug] [2025-03-13T04:34:50.502Z] >>> [apiv2][query] GET https://www.gstatic.com/firebasejs/releases.json [none]
[debug] [2025-03-13T04:34:50.575Z] <<< [apiv2][status] GET https://www.gstatic.com/firebasejs/releases.json 200
[debug] [2025-03-13T04:34:50.575Z] <<< [apiv2][body] GET https://www.gstatic.com/firebasejs/releases.json {"current":{"version":"11.4.0","browserURL":"https://www.gstatic.com/firebasejs/11.4.0/firebase.js","packageURL":"https://www.gstatic.com/firebasejs/11.4.0/firebase.tgz"},"live":{"version":"11.4","browserURL":"https://www.gstatic.com/firebasejs/live/11.4/firebase.js","packageURL":"https://www.gstatic.com/firebasejs/live/11.4/firebase.tgz"},"components":{"analytics":"https://www.gstatic.com/firebasejs/11.4.0/firebase-analytics.js","app":"https://www.gstatic.com/firebasejs/11.4.0/firebase-app.js","app-check":"https://www.gstatic.com/firebasejs/11.4.0/firebase-app-check.js","auth":"https://www.gstatic.com/firebasejs/11.4.0/firebase-auth.js","auth/cordova":"https://www.gstatic.com/firebasejs/11.4.0/firebase-auth/cordova.js","auth/web-extension":"https://www.gstatic.com/firebasejs/11.4.0/firebase-auth/web-extension.js","functions":"https://www.gstatic.com/firebasejs/11.4.0/firebase-functions.js","firestore":"https://www.gstatic.com/firebasejs/11.4.0/firebase-firestore.js","firestore/lite":"https://www.gstatic.com/firebasejs/11.4.0/firebase-firestore/lite.js","installations":"https://www.gstatic.com/firebasejs/11.4.0/firebase-installations.js","storage":"https://www.gstatic.com/firebasejs/11.4.0/firebase-storage.js","performance":"https://www.gstatic.com/firebasejs/11.4.0/firebase-performance.js","remote-config":"https://www.gstatic.com/firebasejs/11.4.0/firebase-remote-config.js","messaging":"https://www.gstatic.com/firebasejs/11.4.0/firebase-messaging.js","messaging/sw":"https://www.gstatic.com/firebasejs/11.4.0/firebase-messaging/sw.js","database":"https://www.gstatic.com/firebasejs/11.4.0/firebase-database.js","vertexai":"https://www.gstatic.com/firebasejs/11.4.0/firebase-vertexai.js","data-connect":"https://www.gstatic.com/firebasejs/11.4.0/firebase-data-connect.js","firestore.memory":"https://www.gstatic.com/firebasejs/11.4.0/firebase-firestore.memory.js"}}
[info] +  Wrote public/index.html 
[info] 
[info] i  Detected a .git folder at C:\Users\sutds\BalnearioSantaAna 
[info] i  Authorizing with GitHub to upload your service account to a GitHub repository's secrets store. 
[info] 
[info] Visit this URL on this device to log in:
[info] https://github.com/login/oauth/authorize?client_id=89cf50f02ac6aaed3484&state=1030800461&redirect_uri=http%3A%2F%2Flocalhost%3A9005&scope=read%3Auser%20repo%20public_repo
[info] 
[info] Waiting for authentication...
[debug] [2025-03-13T04:54:55.635Z] >>> [apiv2][query] POST https://github.com/login/oauth/access_token [none]
[debug] [2025-03-13T04:54:55.635Z] >>> [apiv2][body] POST https://github.com/login/oauth/access_token [stream]
[debug] [2025-03-13T04:54:55.937Z] <<< [apiv2][status] POST https://github.com/login/oauth/access_token 200
[debug] [2025-03-13T04:54:55.937Z] <<< [apiv2][body] POST https://github.com/login/oauth/access_token {"access_token":"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","token_type":"bearer","scope":"read:user,repo"}
[debug] [2025-03-13T04:54:55.942Z] >>> [apiv2][query] GET https://api.github.com/user [none]
[debug] [2025-03-13T04:54:56.556Z] <<< [apiv2][status] GET https://api.github.com/user 200
[debug] [2025-03-13T04:54:56.556Z] <<< [apiv2][body] GET https://api.github.com/user {"login":"Sutmi","id":99675110,"node_id":"U_kgDOBfDr5g","avatar_url":"https://avatars.githubusercontent.com/u/99675110?v=4","gravatar_id":"","url":"https://api.github.com/users/Sutmi","html_url":"https://github.com/Sutmi","followers_url":"https://api.github.com/users/Sutmi/followers","following_url":"https://api.github.com/users/Sutmi/following{/other_user}","gists_url":"https://api.github.com/users/Sutmi/gists{/gist_id}","starred_url":"https://api.github.com/users/Sutmi/starred{/owner}{/repo}","subscriptions_url":"https://api.github.com/users/Sutmi/subscriptions","organizations_url":"https://api.github.com/users/Sutmi/orgs","repos_url":"https://api.github.com/users/Sutmi/repos","events_url":"https://api.github.com/users/Sutmi/events{/privacy}","received_events_url":"https://api.github.com/users/Sutmi/received_events","type":"User","user_view_type":"private","site_admin":false,"name":null,"company":null,"blog":"","location":null,"email":null,"hireable":null,"bio":null,"twitter_username":null,"notification_email":null,"public_repos":4,"public_gists":0,"followers":0,"following":0,"created_at":"2022-02-14T16:11:14Z","updated_at":"2025-03-13T04:02:37Z","private_gists":0,"total_private_repos":0,"owned_private_repos":0,"disk_usage":901,"collaborators":0,"two_factor_authentication":true,"plan":{"name":"free","space":976562499,"collaborators":0,"private_repos":10000}}
[info] 
[info] +  Success! Logged into GitHub as Sutmi 
[info] 
[debug] [2025-03-13T04:54:56.564Z] >>> [apiv2][query] GET https://api.github.com/repos//actions/secrets/public-key type=owner
[debug] [2025-03-13T04:54:56.662Z] <<< [apiv2][status] GET https://api.github.com/repos//actions/secrets/public-key 404
[debug] [2025-03-13T04:54:56.662Z] <<< [apiv2][body] GET https://api.github.com/repos//actions/secrets/public-key {"message":"Not Found","documentation_url":"https://docs.github.com/rest","status":"404"}
[info] 
[info] 
[error] !  The provided authorization cannot be used with this repository. If this repository is in an organization, did you remember to grant access? 
[info] 
[info] i  Action required: Visit this URL to ensure access has been granted to the appropriate organization(s) for the Firebase CLI GitHub OAuth App: 
[info] https://github.com/settings/connections/applications/89cf50f02ac6aaed3484
[info] 
[debug] [2025-03-13T05:13:51.872Z] >>> [apiv2][query] GET https://api.github.com/repos/BalnearioSantaAna/actions/secrets/public-key type=owner
[debug] [2025-03-13T05:13:52.178Z] <<< [apiv2][status] GET https://api.github.com/repos/BalnearioSantaAna/actions/secrets/public-key 404
[debug] [2025-03-13T05:13:52.178Z] <<< [apiv2][body] GET https://api.github.com/repos/BalnearioSantaAna/actions/secrets/public-key {"message":"Not Found","documentation_url":"https://docs.github.com/rest","status":"404"}
[info] 
[info] 
[error] !  The provided authorization cannot be used with this repository. If this repository is in an organization, did you remember to grant access? 
[info] 
[info] i  Action required: Visit this URL to ensure access has been granted to the appropriate organization(s) for the Firebase CLI GitHub OAuth App: 
[info] https://github.com/settings/connections/applications/89cf50f02ac6aaed3484
[info] 
[debug] [2025-03-13T05:14:10.106Z] >>> [apiv2][query] GET https://api.github.com/repos/BalnearioSantaAna/actions/secrets/public-key type=owner
[debug] [2025-03-13T05:14:10.319Z] <<< [apiv2][status] GET https://api.github.com/repos/BalnearioSantaAna/actions/secrets/public-key 404
[debug] [2025-03-13T05:14:10.320Z] <<< [apiv2][body] GET https://api.github.com/repos/BalnearioSantaAna/actions/secrets/public-key {"message":"Not Found","documentation_url":"https://docs.github.com/rest","status":"404"}
[info] 
[info] 
[error] !  The provided authorization cannot be used with this repository. If this repository is in an organization, did you remember to grant access? 
[info] 
[info] i  Action required: Visit this URL to ensure access has been granted to the appropriate organization(s) for the Firebase CLI GitHub OAuth App: 
[info] https://github.com/settings/connections/applications/89cf50f02ac6aaed3484
[info] 
[debug] [2025-03-13T05:15:28.318Z] >>> [apiv2][query] GET https://api.github.com/repos/BalnearioSantaAna/actions/secrets/public-key type=owner
[debug] [2025-03-13T05:15:28.563Z] <<< [apiv2][status] GET https://api.github.com/repos/BalnearioSantaAna/actions/secrets/public-key 404
[debug] [2025-03-13T05:15:28.563Z] <<< [apiv2][body] GET https://api.github.com/repos/BalnearioSantaAna/actions/secrets/public-key {"message":"Not Found","documentation_url":"https://docs.github.com/rest","status":"404"}
[info] 
[info] 
[error] !  The provided authorization cannot be used with this repository. If this repository is in an organization, did you remember to grant access? 
[info] 
[info] i  Action required: Visit this URL to ensure access has been granted to the appropriate organization(s) for the Firebase CLI GitHub OAuth App: 
[info] https://github.com/settings/connections/applications/89cf50f02ac6aaed3484
[info] 
[debug] [2025-03-13T05:16:27.899Z] >>> [apiv2][query] GET https://api.github.com/repos/Balneario-SantaAna/actions/secrets/public-key type=owner
[debug] [2025-03-13T05:16:28.123Z] <<< [apiv2][status] GET https://api.github.com/repos/Balneario-SantaAna/actions/secrets/public-key 404
[debug] [2025-03-13T05:16:28.123Z] <<< [apiv2][body] GET https://api.github.com/repos/Balneario-SantaAna/actions/secrets/public-key {"message":"Not Found","documentation_url":"https://docs.github.com/rest","status":"404"}
[info] 
[info] 
[error] !  The provided authorization cannot be used with this repository. If this repository is in an organization, did you remember to grant access? 
[info] 
[info] i  Action required: Visit this URL to ensure access has been granted to the appropriate organization(s) for the Firebase CLI GitHub OAuth App: 
[info] https://github.com/settings/connections/applications/89cf50f02ac6aaed3484
[info] 
[debug] [2025-03-13T05:16:44.242Z] >>> [apiv2][query] GET https://api.github.com/repos/BalnearioSantaAna/actions/secrets/public-key type=owner
[debug] [2025-03-13T05:16:44.471Z] <<< [apiv2][status] GET https://api.github.com/repos/BalnearioSantaAna/actions/secrets/public-key 404
[debug] [2025-03-13T05:16:44.471Z] <<< [apiv2][body] GET https://api.github.com/repos/BalnearioSantaAna/actions/secrets/public-key {"message":"Not Found","documentation_url":"https://docs.github.com/rest","status":"404"}
[info] 
[info] 
[error] !  The provided authorization cannot be used with this repository. If this repository is in an organization, did you remember to grant access? 
[info] 
[info] i  Action required: Visit this URL to ensure access has been granted to the appropriate organization(s) for the Firebase CLI GitHub OAuth App: 
[info] https://github.com/settings/connections/applications/89cf50f02ac6aaed3484
[info] 
